SF:lib\src\display_canvas\canvas_widget.dart
DA:14,4
DA:23,3
DA:25,3
DA:27,3
DA:40,1
DA:41,1
DA:43,4
DA:45,4
DA:46,4
DA:47,16
DA:48,12
DA:49,4
DA:52,1
DA:54,2
DA:60,4
DA:73,3
DA:79,4
DA:80,12
DA:81,12
DA:82,8
DA:83,4
DA:84,2
DA:85,0
DA:88,4
DA:89,12
DA:90,12
DA:91,4
DA:98,1
DA:99,2
DA:100,3
DA:101,1
DA:102,1
DA:103,2
DA:106,4
DA:107,4
DA:108,4
DA:109,8
DA:110,8
DA:111,4
DA:117,1
DA:118,1
DA:121,0
DA:122,0
DA:123,0
DA:126,0
DA:130,0
DA:131,0
DA:133,1
DA:135,2
DA:138,4
DA:140,4
DA:143,4
DA:145,4
DA:146,20
DA:149,0
DA:151,0
DA:152,0
DA:155,0
DA:156,0
DA:159,4
DA:161,4
DA:162,4
DA:163,12
DA:166,4
DA:167,4
DA:168,8
DA:169,8
DA:170,4
DA:171,4
DA:172,4
DA:173,12
DA:175,4
DA:176,12
DA:177,32
DA:178,4
DA:179,28
DA:180,4
DA:181,4
DA:182,4
DA:185,4
DA:186,4
DA:190,16
DA:196,1
DA:198,2
DA:200,1
DA:202,2
DA:204,1
DA:207,12
DA:209,12
LF:89
LH:77
end_of_record
SF:lib\src\display_canvas\zoom_controller.dart
DA:13,3
DA:15,9
DA:20,4
DA:21,4
DA:25,10
DA:27,5
DA:28,5
DA:31,5
DA:32,25
DA:33,25
DA:34,5
DA:37,10
DA:38,40
DA:39,8
DA:41,5
DA:42,20
DA:43,20
DA:44,5
DA:45,40
DA:48,5
DA:49,10
DA:50,10
DA:51,15
DA:52,5
DA:55,2
DA:57,2
DA:58,6
DA:59,6
DA:60,6
DA:61,10
DA:62,6
DA:63,14
DA:64,10
DA:65,2
DA:67,6
DA:68,4
DA:71,2
DA:72,10
DA:75,1
DA:76,1
DA:77,1
DA:79,8
DA:80,1
DA:83,1
DA:84,6
DA:85,6
DA:86,6
DA:87,3
DA:90,1
DA:91,1
DA:93,1
DA:95,6
DA:96,1
DA:97,8
DA:99,4
DA:100,4
DA:101,4
DA:102,4
DA:103,8
DA:105,3
DA:106,1
DA:109,6
DA:111,1
DA:112,5
DA:113,3
DA:114,3
DA:115,3
DA:116,1
DA:119,6
DA:120,6
DA:122,7
DA:123,1
DA:124,1
DA:126,3
DA:129,1
DA:132,4
DA:133,4
DA:135,7
DA:137,7
DA:139,5
DA:141,2
DA:143,7
DA:146,4
DA:147,10
DA:148,4
DA:149,4
DA:150,4
DA:153,32
LF:88
LH:88
end_of_record
SF:lib\src\interaction\selection_overlays\selection_overlay_projector.dart
DA:5,0
DA:6,0
DA:7,0
LF:3
LH:0
end_of_record
SF:lib\src\types\display_projector.dart
DA:8,4
DA:10,10
DA:12,4
DA:14,0
DA:16,5
DA:17,5
DA:18,15
LF:7
LH:6
end_of_record
SF:lib\src\interaction\selection_overlays\mouse_overlay_behaviour.dart
DA:70,8
DA:71,0
DA:72,16
DA:73,3
DA:83,10
DA:85,2
DA:91,3
DA:92,3
DA:93,3
DA:101,4
DA:102,4
DA:103,6
DA:104,4
DA:107,2
DA:108,6
DA:109,2
DA:119,2
DA:120,4
DA:121,2
DA:122,2
DA:125,2
DA:126,10
DA:127,10
DA:128,12
DA:129,12
DA:130,2
LF:26
LH:25
end_of_record
SF:lib\src\interaction\selection_overlays\box_selection_projector.dart
DA:9,1
DA:10,2
DA:11,4
DA:12,4
DA:15,4
DA:16,12
DA:17,6
DA:18,2
DA:19,1
DA:20,6
DA:21,1
DA:22,1
DA:25,1
DA:26,2
LF:14
LH:14
end_of_record
SF:lib\src\types\invalid_point.dart
DA:5,2
DA:7,0
LF:2
LH:1
end_of_record
SF:lib\src\zoom_display.dart
DA:9,1
DA:19,1
DA:20,1
DA:21,1
DA:32,1
DA:34,1
DA:35,1
DA:36,1
DA:37,1
DA:38,1
DA:39,1
DA:40,1
DA:41,1
DA:42,1
LF:14
LH:14
end_of_record
SF:lib\src\interaction\interaction_controller.dart
DA:25,7
DA:31,7
DA:32,7
DA:33,7
DA:34,7
DA:35,14
DA:36,7
DA:37,5
DA:38,5
DA:39,14
DA:40,7
DA:43,4
DA:44,7
DA:46,0
DA:47,0
DA:49,0
DA:51,0
DA:53,4
DA:54,12
DA:56,1
DA:57,2
DA:58,5
DA:59,2
DA:60,5
DA:61,2
DA:62,1
DA:63,1
DA:66,4
DA:67,8
DA:70,5
DA:71,15
DA:73,7
DA:74,14
DA:75,14
DA:76,14
DA:77,14
DA:80,12
DA:82,3
DA:83,4
DA:84,3
DA:85,2
DA:86,4
DA:88,6
DA:89,6
DA:90,3
DA:91,3
DA:92,6
DA:94,3
DA:97,1
DA:98,2
DA:99,2
DA:100,1
DA:101,2
DA:104,1
DA:105,1
DA:106,2
DA:109,0
DA:110,0
DA:111,0
DA:114,2
DA:115,2
DA:118,3
DA:119,6
DA:120,10
DA:123,3
DA:124,6
DA:125,6
DA:126,6
DA:129,3
DA:130,3
DA:131,4
DA:132,4
DA:135,3
DA:136,3
DA:137,3
DA:138,3
DA:141,1
DA:142,1
DA:143,3
DA:144,3
DA:147,1
DA:148,1
DA:149,3
DA:150,3
DA:153,1
DA:154,1
DA:155,3
DA:156,3
DA:159,1
DA:160,1
DA:161,3
DA:164,4
DA:165,4
DA:168,1
DA:169,1
LF:95
LH:88
end_of_record
SF:lib\src\types\selection.dart
DA:5,1
DA:11,2
DA:12,2
LF:3
LH:3
end_of_record
SF:lib\src\interaction\display_touch_interaction.dart
DA:6,6
DA:8,0
DA:9,0
DA:10,0
DA:11,0
DA:12,0
DA:13,0
DA:14,0
DA:15,0
DA:18,0
LF:10
LH:1
end_of_record
SF:lib\src\interaction\display_mouse_interaction.dart
DA:74,5
DA:77,0
DA:80,1
DA:83,0
DA:86,0
DA:89,5
LF:6
LH:3
end_of_record
SF:lib\src\interaction\selection_overlays\moving_dash_box_projector.dart
DA:15,1
DA:16,2
DA:17,3
DA:20,1
DA:22,2
DA:23,2
DA:26,1
DA:28,3
DA:29,4
DA:30,1
DA:31,3
DA:33,7
DA:34,10
DA:35,6
DA:37,11
DA:39,6
DA:41,7
DA:42,6
DA:45,1
DA:47,1
DA:48,4
DA:49,4
DA:51,2
DA:52,1
DA:53,2
DA:54,1
DA:57,1
DA:59,1
DA:62,4
DA:63,4
DA:65,3
DA:67,1
DA:69,1
DA:70,3
DA:71,1
DA:76,1
DA:78,4
DA:79,5
DA:80,3
DA:81,2
DA:82,2
DA:87,1
DA:88,4
DA:89,6
DA:90,1
LF:45
LH:45
end_of_record
SF:lib\src\types\event\mouse_event.dart
DA:6,16
DA:17,7
DA:19,4
DA:20,4
DA:21,4
DA:22,20
DA:23,20
DA:25,20
DA:29,4
DA:30,4
DA:31,4
DA:32,20
DA:33,20
DA:34,20
DA:36,12
DA:37,12
LF:16
LH:16
end_of_record
SF:lib\src\types\event\touch_event.dart
DA:7,2
DA:8,10
DA:9,10
DA:10,6
DA:11,4
DA:14,2
DA:15,10
DA:16,10
DA:17,2
DA:20,2
DA:21,10
DA:22,10
DA:23,2
DA:26,2
DA:28,2
DA:36,2
DA:40,2
DA:42,2
DA:44,2
DA:46,2
LF:20
LH:20
end_of_record
SF:lib\src\context_menu_region.dart
DA:10,0
DA:13,1
DA:20,1
DA:21,1
DA:27,0
DA:28,0
DA:30,1
DA:32,3
DA:35,1
DA:37,2
DA:40,0
DA:41,0
DA:42,0
DA:43,0
DA:44,0
DA:49,0
DA:50,0
LF:17
LH:7
end_of_record
SF:lib\src\types\context_menu_interaction.dart
DA:6,0
DA:7,0
DA:8,0
LF:3
LH:0
end_of_record
SF:lib\src\types\point_extensions.dart
DA:6,6
LF:1
LH:1
end_of_record
